<?xml version="1.0" encoding="UTF-8" ?>
<testsuite tests="4" failures="1" name="TestSuite" time="32.081" errors="0" skipped="0">
  <properties>
    <property name="java.runtime.name" value="Java(TM) SE Runtime Environment"/>
    <property name="sun.boot.library.path" value="C:\Program Files\Java\jdk1.8.0_152\jre\bin"/>
    <property name="java.vm.version" value="25.152-b16"/>
    <property name="java.vm.vendor" value="Oracle Corporation"/>
    <property name="java.vendor.url" value="http://java.oracle.com/"/>
    <property name="path.separator" value=";"/>
    <property name="java.vm.name" value="Java HotSpot(TM) 64-Bit Server VM"/>
    <property name="file.encoding.pkg" value="sun.io"/>
    <property name="user.script" value=""/>
    <property name="user.country" value="CN"/>
    <property name="sun.java.launcher" value="SUN_STANDARD"/>
    <property name="sun.os.patch.level" value=""/>
    <property name="java.vm.specification.name" value="Java Virtual Machine Specification"/>
    <property name="user.dir" value="D:\repository1\hudan.webauto"/>
    <property name="java.runtime.version" value="1.8.0_152-b16"/>
    <property name="java.awt.graphicsenv" value="sun.awt.Win32GraphicsEnvironment"/>
    <property name="basedir" value="D:\repository1\hudan.webauto"/>
    <property name="java.endorsed.dirs" value="C:\Program Files\Java\jdk1.8.0_152\jre\lib\endorsed"/>
    <property name="os.arch" value="amd64"/>
    <property name="surefire.real.class.path" value="D:\repository1\hudan.webauto\target\surefire\surefirebooter8541639559208754692.jar"/>
    <property name="java.io.tmpdir" value="C:\Users\ADMINI~1\AppData\Local\Temp\"/>
    <property name="line.separator" value="
"/>
    <property name="java.vm.specification.vendor" value="Oracle Corporation"/>
    <property name="user.variant" value=""/>
    <property name="os.name" value="Windows 10"/>
    <property name="sun.jnu.encoding" value="GBK"/>
    <property name="jnidispatch.path" value="C:\Users\ADMINI~1\AppData\Local\Temp\jna-146731693\jna7628022694478541790.dll"/>
    <property name="java.library.path" value="C:\Program Files\Java\jdk1.8.0_152\jre\bin;C:\Windows\Sun\Java\bin;C:\Windows\system32;C:\Windows;C:/Program Files/Java/jre1.8.0_152/bin/server;C:/Program Files/Java/jre1.8.0_152/bin;C:/Program Files/Java/jre1.8.0_152/lib/amd64;C:\ProgramData\Oracle\Java\javapath;C:\Windows\system32;C:\Windows;C:\Windows\System32\Wbem;C:\Windows\System32\WindowsPowerShell\v1.0\;C:\Windows\System32\OpenSSH\;&quot;C:\Program Files\Java\jdk1.8.0_152\bin;C:\Program Files\Java\jdk1.8.0_152\jre\bin&quot;;D:\tools\apache-maven-3.3.9-bin\apache-maven-3.3.9\bin;D:\tools\apache-maven-3.3.9-bin\apache-maven-3.3.9\bin\bin;C:\Program Files\Git\cmd;&quot;D:\tools\adt-bundle-windows-x86_64-20140702\adt-bundle-windows-x86_64-20140702\sdk\platform-tools;D:\tools\adt-bundle-windows-x86_64-20140702\adt-bundle-windows-x86_64-20140702\sdk\tools&quot;;C:\Users\Administrator\AppData\Local\Microsoft\WindowsApps;;C:\Users\Administrator\Desktop;;."/>
    <property name="surefire.test.class.path" value="D:\repository1\hudan.webauto\target\test-classes;D:\repository1\hudan.webauto\target\classes;D:\repository1\org\seleniumhq\selenium\selenium-java\2.53.0\selenium-java-2.53.0.jar;D:\repository1\org\seleniumhq\selenium\selenium-chrome-driver\2.53.0\selenium-chrome-driver-2.53.0.jar;D:\repository1\org\seleniumhq\selenium\selenium-remote-driver\2.53.0\selenium-remote-driver-2.53.0.jar;D:\repository1\cglib\cglib-nodep\2.1_3\cglib-nodep-2.1_3.jar;D:\repository1\com\google\code\gson\gson\2.3.1\gson-2.3.1.jar;D:\repository1\org\seleniumhq\selenium\selenium-api\2.53.0\selenium-api-2.53.0.jar;D:\repository1\org\seleniumhq\selenium\selenium-edge-driver\2.53.0\selenium-edge-driver-2.53.0.jar;D:\repository1\commons-io\commons-io\2.4\commons-io-2.4.jar;D:\repository1\org\apache\commons\commons-exec\1.3\commons-exec-1.3.jar;D:\repository1\org\seleniumhq\selenium\selenium-firefox-driver\2.53.0\selenium-firefox-driver-2.53.0.jar;D:\repository1\org\seleniumhq\selenium\selenium-ie-driver\2.53.0\selenium-ie-driver-2.53.0.jar;D:\repository1\net\java\dev\jna\jna\4.1.0\jna-4.1.0.jar;D:\repository1\net\java\dev\jna\jna-platform\4.1.0\jna-platform-4.1.0.jar;D:\repository1\org\seleniumhq\selenium\selenium-safari-driver\2.53.0\selenium-safari-driver-2.53.0.jar;D:\repository1\io\netty\netty\3.5.7.Final\netty-3.5.7.Final.jar;D:\repository1\org\seleniumhq\selenium\selenium-support\2.53.0\selenium-support-2.53.0.jar;D:\repository1\org\seleniumhq\selenium\selenium-leg-rc\2.53.0\selenium-leg-rc-2.53.0.jar;D:\repository1\org\apache\httpcomponents\httpclient\4.5.2\httpclient-4.5.2.jar;D:\repository1\org\apache\httpcomponents\httpcore\4.4.4\httpcore-4.4.4.jar;D:\repository1\commons-logging\commons-logging\1.2\commons-logging-1.2.jar;D:\repository1\commons-codec\commons-codec\1.9\commons-codec-1.9.jar;D:\repository1\org\testng\testng\6.9.5\testng-6.9.5.jar;D:\repository1\junit\junit\4.10\junit-4.10.jar;D:\repository1\org\hamcrest\hamcrest-core\1.1\hamcrest-core-1.1.jar;D:\repository1\com\beust\jcommander\1.48\jcommander-1.48.jar;D:\repository1\org\apache\ant\ant\1.7.0\ant-1.7.0.jar;D:\repository1\org\apache\ant\ant-launcher\1.7.0\ant-launcher-1.7.0.jar;D:\repository1\com\google\inject\guice\4.0\guice-4.0-no_aop.jar;D:\repository1\javax\inject\javax.inject\1\javax.inject-1.jar;D:\repository1\aopalliance\aopalliance\1.0\aopalliance-1.0.jar;D:\repository1\com\google\guava\guava\16.0.1\guava-16.0.1.jar;D:\repository1\org\yaml\snakeyaml\1.15\snakeyaml-1.15.jar;D:\repository1\org\beanshell\bsh\2.0b4\bsh-2.0b4.jar;D:\repository1\log4j\log4j\1.2.17\log4j-1.2.17.jar;D:\repository1\dom4j\dom4j\1.6.1\dom4j-1.6.1.jar;D:\repository1\xml-apis\xml-apis\1.0.b2\xml-apis-1.0.b2.jar;D:\repository1\org\apache\poi\poi-ooxml\3.15\poi-ooxml-3.15.jar;D:\repository1\org\apache\poi\poi\3.15\poi-3.15.jar;D:\repository1\org\apache\commons\commons-collections4\4.1\commons-collections4-4.1.jar;D:\repository1\org\apache\poi\poi-ooxml-schemas\3.15\poi-ooxml-schemas-3.15.jar;D:\repository1\org\apache\xmlbeans\xmlbeans\2.6.0\xmlbeans-2.6.0.jar;D:\repository1\stax\stax-api\1.0.1\stax-api-1.0.1.jar;D:\repository1\com\github\virtuald\curvesapi\1.04\curvesapi-1.04.jar;D:\repository1\com\alibaba\fastjson\1.2.44\fastjson-1.2.44.jar;D:\repository1\org\uncommons\reportng\1.1.4\reportng-1.1.4.jar;D:\repository1\velocity\velocity\1.4\velocity-1.4.jar;D:\repository1\velocity\velocity-dep\1.4\velocity-dep-1.4.jar;"/>
    <property name="java.specification.name" value="Java Platform API Specification"/>
    <property name="java.class.version" value="52.0"/>
    <property name="sun.management.compiler" value="HotSpot 64-Bit Tiered Compilers"/>
    <property name="os.version" value="10.0"/>
    <property name="user.home" value="C:\Users\Administrator"/>
    <property name="user.timezone" value="Asia/Shanghai"/>
    <property name="java.awt.printerjob" value="sun.awt.windows.WPrinterJob"/>
    <property name="java.specification.version" value="1.8"/>
    <property name="file.encoding" value="UTF-8"/>
    <property name="user.name" value="Administrator"/>
    <property name="java.class.path" value="D:\repository1\hudan.webauto\target\test-classes;D:\repository1\hudan.webauto\target\classes;D:\repository1\org\seleniumhq\selenium\selenium-java\2.53.0\selenium-java-2.53.0.jar;D:\repository1\org\seleniumhq\selenium\selenium-chrome-driver\2.53.0\selenium-chrome-driver-2.53.0.jar;D:\repository1\org\seleniumhq\selenium\selenium-remote-driver\2.53.0\selenium-remote-driver-2.53.0.jar;D:\repository1\cglib\cglib-nodep\2.1_3\cglib-nodep-2.1_3.jar;D:\repository1\com\google\code\gson\gson\2.3.1\gson-2.3.1.jar;D:\repository1\org\seleniumhq\selenium\selenium-api\2.53.0\selenium-api-2.53.0.jar;D:\repository1\org\seleniumhq\selenium\selenium-edge-driver\2.53.0\selenium-edge-driver-2.53.0.jar;D:\repository1\commons-io\commons-io\2.4\commons-io-2.4.jar;D:\repository1\org\apache\commons\commons-exec\1.3\commons-exec-1.3.jar;D:\repository1\org\seleniumhq\selenium\selenium-firefox-driver\2.53.0\selenium-firefox-driver-2.53.0.jar;D:\repository1\org\seleniumhq\selenium\selenium-ie-driver\2.53.0\selenium-ie-driver-2.53.0.jar;D:\repository1\net\java\dev\jna\jna\4.1.0\jna-4.1.0.jar;D:\repository1\net\java\dev\jna\jna-platform\4.1.0\jna-platform-4.1.0.jar;D:\repository1\org\seleniumhq\selenium\selenium-safari-driver\2.53.0\selenium-safari-driver-2.53.0.jar;D:\repository1\io\netty\netty\3.5.7.Final\netty-3.5.7.Final.jar;D:\repository1\org\seleniumhq\selenium\selenium-support\2.53.0\selenium-support-2.53.0.jar;D:\repository1\org\seleniumhq\selenium\selenium-leg-rc\2.53.0\selenium-leg-rc-2.53.0.jar;D:\repository1\org\apache\httpcomponents\httpclient\4.5.2\httpclient-4.5.2.jar;D:\repository1\org\apache\httpcomponents\httpcore\4.4.4\httpcore-4.4.4.jar;D:\repository1\commons-logging\commons-logging\1.2\commons-logging-1.2.jar;D:\repository1\commons-codec\commons-codec\1.9\commons-codec-1.9.jar;D:\repository1\org\testng\testng\6.9.5\testng-6.9.5.jar;D:\repository1\junit\junit\4.10\junit-4.10.jar;D:\repository1\org\hamcrest\hamcrest-core\1.1\hamcrest-core-1.1.jar;D:\repository1\com\beust\jcommander\1.48\jcommander-1.48.jar;D:\repository1\org\apache\ant\ant\1.7.0\ant-1.7.0.jar;D:\repository1\org\apache\ant\ant-launcher\1.7.0\ant-launcher-1.7.0.jar;D:\repository1\com\google\inject\guice\4.0\guice-4.0-no_aop.jar;D:\repository1\javax\inject\javax.inject\1\javax.inject-1.jar;D:\repository1\aopalliance\aopalliance\1.0\aopalliance-1.0.jar;D:\repository1\com\google\guava\guava\16.0.1\guava-16.0.1.jar;D:\repository1\org\yaml\snakeyaml\1.15\snakeyaml-1.15.jar;D:\repository1\org\beanshell\bsh\2.0b4\bsh-2.0b4.jar;D:\repository1\log4j\log4j\1.2.17\log4j-1.2.17.jar;D:\repository1\dom4j\dom4j\1.6.1\dom4j-1.6.1.jar;D:\repository1\xml-apis\xml-apis\1.0.b2\xml-apis-1.0.b2.jar;D:\repository1\org\apache\poi\poi-ooxml\3.15\poi-ooxml-3.15.jar;D:\repository1\org\apache\poi\poi\3.15\poi-3.15.jar;D:\repository1\org\apache\commons\commons-collections4\4.1\commons-collections4-4.1.jar;D:\repository1\org\apache\poi\poi-ooxml-schemas\3.15\poi-ooxml-schemas-3.15.jar;D:\repository1\org\apache\xmlbeans\xmlbeans\2.6.0\xmlbeans-2.6.0.jar;D:\repository1\stax\stax-api\1.0.1\stax-api-1.0.1.jar;D:\repository1\com\github\virtuald\curvesapi\1.04\curvesapi-1.04.jar;D:\repository1\com\alibaba\fastjson\1.2.44\fastjson-1.2.44.jar;D:\repository1\org\uncommons\reportng\1.1.4\reportng-1.1.4.jar;D:\repository1\velocity\velocity\1.4\velocity-1.4.jar;D:\repository1\velocity\velocity-dep\1.4\velocity-dep-1.4.jar;"/>
    <property name="java.vm.specification.version" value="1.8"/>
    <property name="sun.arch.data.model" value="64"/>
    <property name="java.home" value="C:\Program Files\Java\jdk1.8.0_152\jre"/>
    <property name="sun.java.command" value="D:\repository1\hudan.webauto\target\surefire\surefirebooter8541639559208754692.jar D:\repository1\hudan.webauto\target\surefire\surefire798400272856908526tmp D:\repository1\hudan.webauto\target\surefire\surefire8341556395336859014tmp"/>
    <property name="java.specification.vendor" value="Oracle Corporation"/>
    <property name="user.language" value="zh"/>
    <property name="awt.toolkit" value="sun.awt.windows.WToolkit"/>
    <property name="java.vm.info" value="mixed mode"/>
    <property name="java.version" value="1.8.0_152"/>
    <property name="java.ext.dirs" value="C:\Program Files\Java\jdk1.8.0_152\jre\lib\ext;C:\Windows\Sun\Java\lib\ext"/>
    <property name="sun.boot.class.path" value="C:\Program Files\Java\jdk1.8.0_152\jre\lib\resources.jar;C:\Program Files\Java\jdk1.8.0_152\jre\lib\rt.jar;C:\Program Files\Java\jdk1.8.0_152\jre\lib\sunrsasign.jar;C:\Program Files\Java\jdk1.8.0_152\jre\lib\jsse.jar;C:\Program Files\Java\jdk1.8.0_152\jre\lib\jce.jar;C:\Program Files\Java\jdk1.8.0_152\jre\lib\charsets.jar;C:\Program Files\Java\jdk1.8.0_152\jre\lib\jfr.jar;C:\Program Files\Java\jdk1.8.0_152\jre\classes"/>
    <property name="java.vendor" value="Oracle Corporation"/>
    <property name="org.uncommons.reportng.escape-output" value="false"/>
    <property name="localRepository" value="D:\repository1"/>
    <property name="file.separator" value="\"/>
    <property name="java.vendor.url.bug" value="http://bugreport.sun.com/bugreport/"/>
    <property name="sun.cpu.endian" value="little"/>
    <property name="sun.io.unicode.encoding" value="UnicodeLittle"/>
    <property name="sun.desktop" value="windows"/>
    <property name="sun.cpu.isalist" value="amd64"/>
  </properties>
  <testcase classname="com.t.webauto.web.RegisterPage2" name="failtest" time="1.15"/>
  <testcase classname="com.t.webauto.web.RegisterPage2" name="failtest" time="1.039"/>
  <testcase classname="com.t.webauto.web.RegisterPage2" name="failtest" time="1.147"/>
  <testcase classname="com.t.webauto.web.RegisterPage2" name="failtest" time="0.912">
    <failure message="Element is not clickable at point (411.08331298828125, 473.8999938964844). Other element would receive the click: &lt;a class=&quot;&quot; href=&quot;javascript:;&quot; onmouseover=&quot;emailMenuOp(5)&quot; onclick=&quot;$(stmp[&apos;email&apos;]).value=this.innerHTML;display(&apos;emailmore_menu&apos;);checkemail(stmp[&apos;email&apos;]);&quot;&gt;&lt;/a&gt;
Command duration or timeout: 79 milliseconds
Build info: version: &apos;2.53.0&apos;, revision: &apos;35ae25b1534ae328c771e0856c93e187490ca824&apos;, time: &apos;2016-03-15 10:43:46&apos;
System info: host: &apos;DESKTOP-C3E06PS&apos;, ip: &apos;169.254.138.216&apos;, os.name: &apos;Windows 10&apos;, os.arch: &apos;amd64&apos;, os.version: &apos;10.0&apos;, java.version: &apos;1.8.0_152&apos;
Driver info: org.openqa.selenium.firefox.FirefoxDriver
Capabilities [{applicationCacheEnabled=true, rotatable=false, handlesAlerts=true, databaseEnabled=true, version=46.0, platform=WINDOWS, nativeEvents=false, acceptSslCerts=true, webStorageEnabled=true, locationContextEnabled=true, browserName=firefox, takesScreenshot=true, javascriptEnabled=true, cssSelectorsEnabled=true}]
Session ID: ec3f382a-f112-48f7-8cc6-04530b282f61" type="org.openqa.selenium.WebDriverException">org.openqa.selenium.WebDriverException: Element is not clickable at point (411.08331298828125, 473.8999938964844). Other element would receive the click: &lt;a class=&quot;&quot; href=&quot;javascript:;&quot; onmouseover=&quot;emailMenuOp(5)&quot; onclick=&quot;$(stmp[&apos;email&apos;]).value=this.innerHTML;display(&apos;emailmore_menu&apos;);checkemail(stmp[&apos;email&apos;]);&quot;&gt;&lt;/a&gt;
Command duration or timeout: 79 milliseconds
Build info: version: &apos;2.53.0&apos;, revision: &apos;35ae25b1534ae328c771e0856c93e187490ca824&apos;, time: &apos;2016-03-15 10:43:46&apos;
System info: host: &apos;DESKTOP-C3E06PS&apos;, ip: &apos;169.254.138.216&apos;, os.name: &apos;Windows 10&apos;, os.arch: &apos;amd64&apos;, os.version: &apos;10.0&apos;, java.version: &apos;1.8.0_152&apos;
Driver info: org.openqa.selenium.firefox.FirefoxDriver
Capabilities [{applicationCacheEnabled=true, rotatable=false, handlesAlerts=true, databaseEnabled=true, version=46.0, platform=WINDOWS, nativeEvents=false, acceptSslCerts=true, webStorageEnabled=true, locationContextEnabled=true, browserName=firefox, takesScreenshot=true, javascriptEnabled=true, cssSelectorsEnabled=true}]
Session ID: ec3f382a-f112-48f7-8cc6-04530b282f61
	at sun.reflect.NativeConstructorAccessorImpl.newInstance0(Native Method)
	at sun.reflect.NativeConstructorAccessorImpl.newInstance(NativeConstructorAccessorImpl.java:62)
	at sun.reflect.DelegatingConstructorAccessorImpl.newInstance(DelegatingConstructorAccessorImpl.java:45)
	at java.lang.reflect.Constructor.newInstance(Constructor.java:423)
	at org.openqa.selenium.remote.ErrorHandler.createThrowable(ErrorHandler.java:206)
	at org.openqa.selenium.remote.ErrorHandler.throwIfResponseFailed(ErrorHandler.java:158)
	at org.openqa.selenium.remote.RemoteWebDriver.execute(RemoteWebDriver.java:678)
	at org.openqa.selenium.remote.RemoteWebElement.execute(RemoteWebElement.java:327)
	at org.openqa.selenium.remote.RemoteWebElement.click(RemoteWebElement.java:85)
	at com.t.webauto.web.RegisterPage2.click(RegisterPage2.java:109)
	at com.t.webauto.web.RegisterPage2.failtest(RegisterPage2.java:44)
</failure>
    <system-out>[INFO] 2020-09-11 11:10:08 method: com.t.webauto.utils.Base.get(Base.java:237)----访问页面http://localhost:8088/Discuz/upload/member.php?mod=register
[INFO] 2020-09-11 11:10:08 method: com.t.webauto.utils.Base.getElement(Base.java:118)----获取【注册页】 上的 【用户名输入框】： {&apos;by&apos;,&apos;id&apos;},{&apos;value&apos;,&apos;tRYSs0&apos;}
[INFO] 2020-09-11 11:10:08 method: com.t.webauto.utils.Base.getElement(Base.java:162)----获取【注册页】 上的 【用户名输入框】： {&apos;by&apos;,&apos;id&apos;},{&apos;value&apos;,&apos;tRYSs0&apos;}【成功】
[INFO] 2020-09-11 11:10:09 method: com.t.webauto.utils.Base.getElement(Base.java:118)----获取【注册页】 上的 【密码输入框】： {&apos;by&apos;,&apos;id&apos;},{&apos;value&apos;,&apos;dgfvkp&apos;}
[INFO] 2020-09-11 11:10:09 method: com.t.webauto.utils.Base.getElement(Base.java:162)----获取【注册页】 上的 【密码输入框】： {&apos;by&apos;,&apos;id&apos;},{&apos;value&apos;,&apos;dgfvkp&apos;}【成功】
[INFO] 2020-09-11 11:10:09 method: com.t.webauto.utils.Base.getElement(Base.java:118)----获取【注册页】 上的 【请确认密码】： {&apos;by&apos;,&apos;id&apos;},{&apos;value&apos;,&apos;Qz45kX&apos;}
[INFO] 2020-09-11 11:10:09 method: com.t.webauto.utils.Base.getElement(Base.java:162)----获取【注册页】 上的 【请确认密码】： {&apos;by&apos;,&apos;id&apos;},{&apos;value&apos;,&apos;Qz45kX&apos;}【成功】
[INFO] 2020-09-11 11:10:09 method: com.t.webauto.utils.Base.getElement(Base.java:118)----获取【注册页】 上的 【邮件输入框】： {&apos;by&apos;,&apos;id&apos;},{&apos;value&apos;,&apos;GciA35&apos;}
[INFO] 2020-09-11 11:10:09 method: com.t.webauto.utils.Base.getElement(Base.java:162)----获取【注册页】 上的 【邮件输入框】： {&apos;by&apos;,&apos;id&apos;},{&apos;value&apos;,&apos;GciA35&apos;}【成功】
[INFO] 2020-09-11 11:10:09 method: com.t.webauto.utils.Base.getElement(Base.java:118)----获取【注册页】 上的 【注册按钮】： {&apos;by&apos;,&apos;id&apos;},{&apos;value&apos;,&apos;registerformsubmit&apos;}
[INFO] 2020-09-11 11:10:09 method: com.t.webauto.utils.Base.getElement(Base.java:162)----获取【注册页】 上的 【注册按钮】： {&apos;by&apos;,&apos;id&apos;},{&apos;value&apos;,&apos;registerformsubmit&apos;}【成功】
</system-out>
  </testcase>
</testsuite>