<?xml version="1.0" encoding="UTF-8"?>
<!-- Generated by org.testng.reporters.JUnitReportReporter -->
<testsuite hostname="DESKTOP-C3E06PS" name="com.t.webauto.web.RegisterPage1" tests="4" failures="0" timestamp="10 Sep 2020 04:33:41 GMT" time="4.050" errors="0">
  <testcase name="failtest" time="1.046" classname="com.t.webauto.web.RegisterPage1"/>
  <testcase name="failtest" time="0.845" classname="com.t.webauto.web.RegisterPage1"/>
  <testcase name="failtest" time="1.312" classname="com.t.webauto.web.RegisterPage1"/>
  <testcase name="failtest" time="0.847" classname="com.t.webauto.web.RegisterPage1"/>
</testsuite> <!-- com.t.webauto.web.RegisterPage1 -->
