<?xml version="1.0" encoding="UTF-8"?>
<!-- Generated by org.testng.reporters.JUnitReportReporter -->
<testsuite hostname="DESKTOP-C3E06PS" name="com.interface1.web.RegisterPage" tests="4" failures="0" timestamp="7 Sep 2020 08:40:36 GMT" time="3.763" errors="0">
  <testcase name="failtest" time="0.767" classname="com.interface1.web.RegisterPage"/>
  <testcase name="failtest" time="1.218" classname="com.interface1.web.RegisterPage"/>
  <testcase name="failtest" time="0.939" classname="com.interface1.web.RegisterPage"/>
  <testcase name="failtest" time="0.839" classname="com.interface1.web.RegisterPage"/>
</testsuite> <!-- com.interface1.web.RegisterPage -->
