<?xml version="1.0" encoding="UTF-8"?>
<!-- Generated by org.testng.reporters.JUnitReportReporter -->
<testsuite hostname="DESKTOP-C3E06PS" name="com.t.webauto.web.RegisterPage" tests="4" failures="0" timestamp="10 Sep 2020 03:09:34 GMT" time="4.718" errors="0">
  <testcase name="failtest" time="1.175" classname="com.t.webauto.web.RegisterPage"/>
  <testcase name="failtest" time="1.638" classname="com.t.webauto.web.RegisterPage"/>
  <testcase name="failtest" time="0.928" classname="com.t.webauto.web.RegisterPage"/>
  <testcase name="failtest" time="0.977" classname="com.t.webauto.web.RegisterPage"/>
</testsuite> <!-- com.t.webauto.web.RegisterPage -->
